Using pre-set license
Built from '2020.3/staging' branch; Version is '2020.3.3f1 (76626098c1c4) revision 7758432'; Using compiler version '192528614'; Build Type 'Release'
OS: 'Windows 10 Pro; OS build 19044.1826; Version 2009; 64bit' Language: 'fi' Physical Memory: 16261 MB
BatchMode: 1, IsHumanControllingUs: 0, StartBugReporterOnCrash: 0, Is64bit: 1, IsPro: 0

 COMMAND LINE ARGUMENTS:
C:\Program Files\Unity\Hub\Editor\2020.3.3f1\Editor\Unity.exe
-adb2
-batchMode
-noUpm
-name
AssetImportWorker0
-projectPath
C:/Users/Omistaja/Oppari_peli
-logFile
Logs/AssetImportWorker0.log
-srvPort
51415
Successfully changed project path to: C:/Users/Omistaja/Oppari_peli
C:/Users/Omistaja/Oppari_peli
Using Asset Import Pipeline V2.
Refreshing native plugins compatible for Editor in 52.34 ms, found 1 plugins.
Preloading 0 native plugins for Editor in 0.00 ms.
Initialize engine version: 2020.3.3f1 (76626098c1c4)
[Subsystems] Discovering subsystems at path C:/Program Files/Unity/Hub/Editor/2020.3.3f1/Editor/Data/Resources/UnitySubsystems
[Subsystems] Discovering subsystems at path C:/Users/Omistaja/Oppari_peli/Assets
GfxDevice: creating device client; threaded=0
Direct3D:
    Version:  Direct3D 11.0 [level 11.0]
    Renderer: NVIDIA Quadro K2200 (ID=0x13ba)
    Vendor:   
    VRAM:     4035 MB
    Driver:   10.18.13.5330
Initialize mono
Mono path[0] = 'C:/Program Files/Unity/Hub/Editor/2020.3.3f1/Editor/Data/Managed'
Mono path[1] = 'C:/Program Files/Unity/Hub/Editor/2020.3.3f1/Editor/Data/MonoBleedingEdge/lib/mono/unityjit'
Mono config path = 'C:/Program Files/Unity/Hub/Editor/2020.3.3f1/Editor/Data/MonoBleedingEdge/etc'
Using monoOptions --debugger-agent=transport=dt_socket,embedding=1,server=y,suspend=n,address=127.0.0.1:56868
Begin MonoManager ReloadAssembly
Registering precompiled unity dll's ...
Register platform support module: C:/Program Files/Unity/Hub/Editor/2020.3.3f1/Editor/Data/PlaybackEngines/WindowsStandaloneSupport/UnityEditor.WindowsStandalone.Extensions.dll
Registered in 0.002895 seconds.
Native extension for WindowsStandalone target not found
Refreshing native plugins compatible for Editor in 52.57 ms, found 1 plugins.
Preloading 0 native plugins for Editor in 0.00 ms.
Invoked RoslynAnalysisRunner static constructor.
RoslynAnalysisRunner will not be running.
RoslynAnalysisRunner has terminated.
Mono: successfully reloaded assembly
- Completed reload, in  1.487 seconds
Platform modules already initialized, skipping
Registering precompiled user dll's ...
Registered in 0.001144 seconds.
Begin MonoManager ReloadAssembly
Native extension for WindowsStandalone target not found
Refreshing native plugins compatible for Editor in 52.53 ms, found 1 plugins.
Preloading 0 native plugins for Editor in 0.00 ms.
Invoked RoslynAnalysisRunner static constructor.
RoslynAnalysisRunner will not be running.
RoslynAnalysisRunner has terminated.
Mono: successfully reloaded assembly
- Completed reload, in  1.306 seconds
Platform modules already initialized, skipping
========================================================================
Worker process is ready to serve import requests
Launched and connected shader compiler UnityShaderCompiler.exe after 0.07 seconds
Refreshing native plugins compatible for Editor in 0.47 ms, found 1 plugins.
Preloading 0 native plugins for Editor in 0.00 ms.
Unloading 1829 Unused Serialized files (Serialized files now loaded: 0)
System memory in use before: 85.5 MB.
System memory in use after: 85.5 MB.

Unloading 23 unused Assets to reduce memory usage. Loaded Objects now: 2274.
Total: 2.378700 ms (FindLiveObjects: 0.189500 ms CreateObjectMapping: 0.082000 ms MarkObjects: 1.960100 ms  DeleteObjects: 0.145800 ms)

========================================================================
Received Import Request.
  path: Assets/Scenes/Main-menu.unity
  artifactKey: Guid(8029f8aa5e094cb45b418d357c2fc7bf) Importer(815301076,1909f56bfc062723c751e8b465ee728b)
Start importing Assets/Scenes/Main-menu.unity using Guid(8029f8aa5e094cb45b418d357c2fc7bf) Importer(815301076,1909f56bfc062723c751e8b465ee728b)  -> (artifact id: '157eac221228c1d910088a94d5fb3ab2') in 0.022551 seconds
  Import took 0.025900 seconds .

========================================================================
Received Prepare
Refreshing native plugins compatible for Editor in 2.46 ms, found 1 plugins.
Preloading 0 native plugins for Editor in 0.00 ms.
Unloading 10 Unused Serialized files (Serialized files now loaded: 0)
System memory in use before: 49.4 MB.
System memory in use after: 49.4 MB.

Unloading 10 unused Assets to reduce memory usage. Loaded Objects now: 2274.
Total: 3.092400 ms (FindLiveObjects: 0.339100 ms CreateObjectMapping: 0.104100 ms MarkObjects: 2.515100 ms  DeleteObjects: 0.132400 ms)

========================================================================
Received Prepare
Refreshing native plugins compatible for Editor in 2.20 ms, found 1 plugins.
Preloading 0 native plugins for Editor in 0.00 ms.
Unloading 10 Unused Serialized files (Serialized files now loaded: 0)
System memory in use before: 49.4 MB.
System memory in use after: 49.4 MB.

Unloading 10 unused Assets to reduce memory usage. Loaded Objects now: 2274.
Total: 2.732500 ms (FindLiveObjects: 0.182300 ms CreateObjectMapping: 0.078200 ms MarkObjects: 2.334800 ms  DeleteObjects: 0.135800 ms)

========================================================================
Received Import Request.
  Time since last request: 216.617987 seconds.
  path: Assets/Scripts/APIManager.cs
  artifactKey: Guid(e2bd6ba3e1f441140aa6530fe1113d08) Importer(815301076,1909f56bfc062723c751e8b465ee728b)
Start importing Assets/Scripts/APIManager.cs using Guid(e2bd6ba3e1f441140aa6530fe1113d08) Importer(815301076,1909f56bfc062723c751e8b465ee728b)  -> (artifact id: '90ae53867c0cd96f9ecc40162a98e70a') in 0.036464 seconds
  Import took 0.040199 seconds .

========================================================================
Received Import Request.
  Time since last request: 0.006052 seconds.
  path: Assets/Scripts/APIManager.cs
  artifactKey: Guid(e2bd6ba3e1f441140aa6530fe1113d08) Importer(815301076,1909f56bfc062723c751e8b465ee728b)
Start importing Assets/Scripts/APIManager.cs using Guid(e2bd6ba3e1f441140aa6530fe1113d08) Importer(815301076,1909f56bfc062723c751e8b465ee728b)  -> (artifact id: '90ae53867c0cd96f9ecc40162a98e70a') in 0.002673 seconds
  Import took 0.005911 seconds .

========================================================================
Received Import Request.
  Time since last request: 55.360894 seconds.
  path: Assets/Scripts/APIManager.cs
  artifactKey: Guid(e2bd6ba3e1f441140aa6530fe1113d08) Importer(815301076,1909f56bfc062723c751e8b465ee728b)
Start importing Assets/Scripts/APIManager.cs using Guid(e2bd6ba3e1f441140aa6530fe1113d08) Importer(815301076,1909f56bfc062723c751e8b465ee728b)  -> (artifact id: 'ef5ea250a2aea3ca23a61d2a6af2f1c3') in 0.002990 seconds
  Import took 0.006686 seconds .

========================================================================
Received Import Request.
  Time since last request: 7.277388 seconds.
  path: Assets/Scripts/APIManager.cs
  artifactKey: Guid(e2bd6ba3e1f441140aa6530fe1113d08) Importer(815301076,1909f56bfc062723c751e8b465ee728b)
Start importing Assets/Scripts/APIManager.cs using Guid(e2bd6ba3e1f441140aa6530fe1113d08) Importer(815301076,1909f56bfc062723c751e8b465ee728b)  -> (artifact id: 'd9304ab393bb8e8ae6df22946d0f079b') in 0.002725 seconds
  Import took 0.006449 seconds .

========================================================================
Received Prepare
Registering precompiled user dll's ...
Registered in 0.001306 seconds.
Begin MonoManager ReloadAssembly
Native extension for WindowsStandalone target not found
Refreshing native plugins compatible for Editor in 0.49 ms, found 1 plugins.
Preloading 0 native plugins for Editor in 0.00 ms.
Invoked RoslynAnalysisRunner static constructor.
RoslynAnalysisRunner will not be running.
RoslynAnalysisRunner has terminated.
Mono: successfully reloaded assembly
- Completed reload, in  1.160 seconds
Platform modules already initialized, skipping
Refreshing native plugins compatible for Editor in 0.48 ms, found 1 plugins.
Preloading 0 native plugins for Editor in 0.00 ms.
Unloading 1824 Unused Serialized files (Serialized files now loaded: 0)
System memory in use before: 85.5 MB.
System memory in use after: 85.5 MB.

Unloading 12 unused Assets to reduce memory usage. Loaded Objects now: 2278.
Total: 4.631300 ms (FindLiveObjects: 0.359100 ms CreateObjectMapping: 0.166400 ms MarkObjects: 3.721500 ms  DeleteObjects: 0.381900 ms)

========================================================================
Received Prepare
Registering precompiled user dll's ...
Registered in 0.001247 seconds.
Begin MonoManager ReloadAssembly
Native extension for WindowsStandalone target not found
Refreshing native plugins compatible for Editor in 0.50 ms, found 1 plugins.
Preloading 0 native plugins for Editor in 0.00 ms.
Invoked RoslynAnalysisRunner static constructor.
RoslynAnalysisRunner will not be running.
RoslynAnalysisRunner has terminated.
Mono: successfully reloaded assembly
- Completed reload, in  1.198 seconds
Platform modules already initialized, skipping
Refreshing native plugins compatible for Editor in 0.48 ms, found 1 plugins.
Preloading 0 native plugins for Editor in 0.00 ms.
Unloading 1824 Unused Serialized files (Serialized files now loaded: 0)
System memory in use before: 85.5 MB.
System memory in use after: 85.5 MB.

Unloading 12 unused Assets to reduce memory usage. Loaded Objects now: 2282.
Total: 4.388600 ms (FindLiveObjects: 0.343500 ms CreateObjectMapping: 0.219300 ms MarkObjects: 3.632200 ms  DeleteObjects: 0.191700 ms)

========================================================================
Received Import Request.
  Time since last request: 120.108138 seconds.
  path: Assets/Scripts/MainMenu.cs
  artifactKey: Guid(139d1e5909094af41bac90b5d368f0e8) Importer(815301076,1909f56bfc062723c751e8b465ee728b)
Start importing Assets/Scripts/MainMenu.cs using Guid(139d1e5909094af41bac90b5d368f0e8) Importer(815301076,1909f56bfc062723c751e8b465ee728b)  -> (artifact id: '9ff787200ecda7810bc24cdba6e77959') in 0.013377 seconds
  Import took 0.019267 seconds .

========================================================================
Received Prepare
Refreshing native plugins compatible for Editor in 2.48 ms, found 1 plugins.
Preloading 0 native plugins for Editor in 0.00 ms.
Unloading 10 Unused Serialized files (Serialized files now loaded: 0)
System memory in use before: 49.6 MB.
System memory in use after: 49.6 MB.

Unloading 10 unused Assets to reduce memory usage. Loaded Objects now: 2282.
Total: 2.930800 ms (FindLiveObjects: 0.383300 ms CreateObjectMapping: 0.222700 ms MarkObjects: 2.177500 ms  DeleteObjects: 0.131300 ms)

========================================================================
Received Prepare
Registering precompiled user dll's ...
Registered in 0.001228 seconds.
Begin MonoManager ReloadAssembly
Native extension for WindowsStandalone target not found
Refreshing native plugins compatible for Editor in 0.48 ms, found 1 plugins.
Preloading 0 native plugins for Editor in 0.00 ms.
Invoked RoslynAnalysisRunner static constructor.
RoslynAnalysisRunner will not be running.
RoslynAnalysisRunner has terminated.
Mono: successfully reloaded assembly
- Completed reload, in  1.189 seconds
Platform modules already initialized, skipping
Refreshing native plugins compatible for Editor in 0.48 ms, found 1 plugins.
Preloading 0 native plugins for Editor in 0.00 ms.
Unloading 1824 Unused Serialized files (Serialized files now loaded: 0)
System memory in use before: 85.5 MB.
System memory in use after: 85.5 MB.

Unloading 12 unused Assets to reduce memory usage. Loaded Objects now: 2286.
Total: 2.520200 ms (FindLiveObjects: 0.201400 ms CreateObjectMapping: 0.079100 ms MarkObjects: 2.089400 ms  DeleteObjects: 0.148800 ms)

========================================================================
Received Prepare
Registering precompiled user dll's ...
Registered in 0.001584 seconds.
Begin MonoManager ReloadAssembly
Native extension for WindowsStandalone target not found
Refreshing native plugins compatible for Editor in 0.49 ms, found 1 plugins.
Preloading 0 native plugins for Editor in 0.00 ms.
Invoked RoslynAnalysisRunner static constructor.
RoslynAnalysisRunner will not be running.
RoslynAnalysisRunner has terminated.
Mono: successfully reloaded assembly
- Completed reload, in  1.138 seconds
Platform modules already initialized, skipping
Refreshing native plugins compatible for Editor in 0.49 ms, found 1 plugins.
Preloading 0 native plugins for Editor in 0.00 ms.
Unloading 1824 Unused Serialized files (Serialized files now loaded: 0)
System memory in use before: 85.5 MB.
System memory in use after: 85.5 MB.

Unloading 12 unused Assets to reduce memory usage. Loaded Objects now: 2290.
Total: 3.349600 ms (FindLiveObjects: 0.195600 ms CreateObjectMapping: 0.088900 ms MarkObjects: 2.882600 ms  DeleteObjects: 0.180400 ms)

========================================================================
Received Prepare
Refreshing native plugins compatible for Editor in 2.44 ms, found 1 plugins.
Preloading 0 native plugins for Editor in 0.00 ms.
Unloading 10 Unused Serialized files (Serialized files now loaded: 0)
System memory in use before: 49.7 MB.
System memory in use after: 49.6 MB.

Unloading 10 unused Assets to reduce memory usage. Loaded Objects now: 2290.
Total: 3.569000 ms (FindLiveObjects: 0.196600 ms CreateObjectMapping: 0.077100 ms MarkObjects: 3.109300 ms  DeleteObjects: 0.184300 ms)

========================================================================
Received Prepare
Registering precompiled user dll's ...
Registered in 0.001255 seconds.
Begin MonoManager ReloadAssembly
Native extension for WindowsStandalone target not found
Refreshing native plugins compatible for Editor in 0.49 ms, found 1 plugins.
Preloading 0 native plugins for Editor in 0.00 ms.
Invoked RoslynAnalysisRunner static constructor.
RoslynAnalysisRunner will not be running.
RoslynAnalysisRunner has terminated.
Mono: successfully reloaded assembly
- Completed reload, in  1.186 seconds
Platform modules already initialized, skipping
Refreshing native plugins compatible for Editor in 0.49 ms, found 1 plugins.
Preloading 0 native plugins for Editor in 0.00 ms.
Unloading 1824 Unused Serialized files (Serialized files now loaded: 0)
System memory in use before: 85.5 MB.
System memory in use after: 85.5 MB.

Unloading 12 unused Assets to reduce memory usage. Loaded Objects now: 2294.
Total: 2.359400 ms (FindLiveObjects: 0.200400 ms CreateObjectMapping: 0.081900 ms MarkObjects: 1.927400 ms  DeleteObjects: 0.148100 ms)

========================================================================
Received Prepare
Registering precompiled user dll's ...
Registered in 0.001214 seconds.
Begin MonoManager ReloadAssembly
Native extension for WindowsStandalone target not found
Refreshing native plugins compatible for Editor in 0.49 ms, found 1 plugins.
Preloading 0 native plugins for Editor in 0.00 ms.
Invoked RoslynAnalysisRunner static constructor.
RoslynAnalysisRunner will not be running.
RoslynAnalysisRunner has terminated.
Mono: successfully reloaded assembly
- Completed reload, in  1.119 seconds
Platform modules already initialized, skipping
Refreshing native plugins compatible for Editor in 0.49 ms, found 1 plugins.
Preloading 0 native plugins for Editor in 0.00 ms.
Unloading 1824 Unused Serialized files (Serialized files now loaded: 0)
System memory in use before: 85.6 MB.
System memory in use after: 85.5 MB.

Unloading 12 unused Assets to reduce memory usage. Loaded Objects now: 2298.
Total: 2.329200 ms (FindLiveObjects: 0.185100 ms CreateObjectMapping: 0.079500 ms MarkObjects: 1.921100 ms  DeleteObjects: 0.141700 ms)

========================================================================
Received Prepare
Refreshing native plugins compatible for Editor in 2.62 ms, found 1 plugins.
Preloading 0 native plugins for Editor in 0.00 ms.
Unloading 10 Unused Serialized files (Serialized files now loaded: 0)
System memory in use before: 49.7 MB.
System memory in use after: 49.7 MB.

Unloading 10 unused Assets to reduce memory usage. Loaded Objects now: 2298.
Total: 2.425700 ms (FindLiveObjects: 0.217700 ms CreateObjectMapping: 0.078500 ms MarkObjects: 1.986700 ms  DeleteObjects: 0.141100 ms)

AssetImportWorkerClient::OnTransportError - code=2 error=End of file
